<?xml version="1.0" encoding="UTF-8"?>
<!-- Generated by org.testng.reporters.JUnitXMLReporter -->
<testsuite ignored="0" hostname="DESKTOP-2EB7RG6" failures="0" tests="6" name="Default test" time="13.107" errors="0" timestamp="2023-06-18T11:48:28 IST">
  <testcase classname="api.test.DDTest" name="testPostuser" time="4.233"/>
  <testcase classname="api.test.DDTest" name="testPostuser" time="1.392"/>
  <testcase classname="api.test.DDTest" name="testPostuser" time="1.262"/>
  <testcase classname="api.test.DDTest" name="testDeleteuserByName" time="1.283"/>
  <testcase classname="api.test.DDTest" name="testDeleteuserByName" time="1.457"/>
  <testcase classname="api.test.DDTest" name="testDeleteuserByName" time="1.307"/>
</testsuite> <!-- Default test -->
