<?xml version="1.0" encoding="UTF-8"?>
<!-- Generated by org.testng.reporters.JUnitXMLReporter -->
<testsuite ignored="0" hostname="DESKTOP-2EB7RG6" failures="0" tests="4" name="Test" time="10.375" errors="0" timestamp="2023-06-22T17:57:06 IST">
  <testcase classname="api.test.UserTests" name="testPostUser" time="3.805"/>
  <testcase classname="api.test.UserTests" name="testGetUserByName" time="1.417"/>
  <testcase classname="api.test.UserTests" name="testUpdateUserByName" time="2.747"/>
  <testcase classname="api.test.UserTests" name="testDeleteUserByName" time="1.299"/>
</testsuite> <!-- Test -->
