<?xml version="1.0" encoding="UTF-8"?>
<testng-results ignored="0" total="4" passed="4" failed="0" skipped="0">
  <reporter-output>
  </reporter-output>
  <suite started-at="2023-06-22T17:56:56 IST" name="Suite" finished-at="2023-06-22T17:57:06 IST" duration-ms="10375">
    <groups>
    </groups>
    <test started-at="2023-06-22T17:56:56 IST" name="Test" finished-at="2023-06-22T17:57:06 IST" duration-ms="10375">
      <class name="api.test.UserTests">
        <test-method is-config="true" signature="setupData()[pri:0, instance:api.test.UserTests@2145b572]" started-at="2023-06-22T17:56:56 IST" name="setupData" finished-at="2023-06-22T17:56:57 IST" duration-ms="795" status="PASS">
          <reporter-output>
          </reporter-output>
        </test-method> <!-- setupData -->
        <test-method signature="testPostUser()[pri:1, instance:api.test.UserTests@2145b572]" started-at="2023-06-22T17:56:57 IST" name="testPostUser" finished-at="2023-06-22T17:57:01 IST" duration-ms="3805" status="PASS">
          <reporter-output>
          </reporter-output>
        </test-method> <!-- testPostUser -->
        <test-method signature="testGetUserByName()[pri:2, instance:api.test.UserTests@2145b572]" started-at="2023-06-22T17:57:01 IST" name="testGetUserByName" finished-at="2023-06-22T17:57:02 IST" duration-ms="1417" status="PASS">
          <reporter-output>
          </reporter-output>
        </test-method> <!-- testGetUserByName -->
        <test-method signature="testUpdateUserByName()[pri:3, instance:api.test.UserTests@2145b572]" started-at="2023-06-22T17:57:02 IST" name="testUpdateUserByName" finished-at="2023-06-22T17:57:05 IST" duration-ms="2747" status="PASS">
          <reporter-output>
          </reporter-output>
        </test-method> <!-- testUpdateUserByName -->
        <test-method signature="testDeleteUserByName()[pri:4, instance:api.test.UserTests@2145b572]" started-at="2023-06-22T17:57:05 IST" name="testDeleteUserByName" finished-at="2023-06-22T17:57:06 IST" duration-ms="1299" status="PASS">
          <reporter-output>
          </reporter-output>
        </test-method> <!-- testDeleteUserByName -->
      </class> <!-- api.test.UserTests -->
    </test> <!-- Test -->
  </suite> <!-- Suite -->
</testng-results>
